<?xml version="1.0" encoding="UTF-8"?>
<!-- Generated by org.testng.reporters.JUnitReportReporter -->
<testsuite hostname="DESKTOP-6B2F6QC" name="Automation.NewTest" tests="1" failures="0" timestamp="20 Apr 2016 09:27:27 GMT" time="21.743" errors="0">
  <testcase name="Career" time="21.743" classname="Automation.NewTest"/>
</testsuite> <!-- Automation.NewTest -->
